<?xml version="1.0" encoding="UTF-8"?>
<testng-results skipped="0" failed="0" total="1" passed="1">
  <reporter-output>
  </reporter-output>
  <suite name="Default suite" duration-ms="2633" started-at="2017-08-17T21:33:33Z" finished-at="2017-08-17T21:33:35Z">
    <groups>
    </groups>
    <test name="Default test" duration-ms="2633" started-at="2017-08-17T21:33:33Z" finished-at="2017-08-17T21:33:35Z">
      <class name="nz.co.anz.apitest.TestRestAPI">
        <test-method status="PASS" signature="setBaseUri()[pri:0, instance:nz.co.anz.apitest.TestRestAPI@28d25987]" name="setBaseUri" is-config="true" duration-ms="507" started-at="2017-08-17T23:33:33Z" finished-at="2017-08-17T23:33:33Z">
          <reporter-output>
          </reporter-output>
        </test-method> <!-- setBaseUri -->
        <test-method status="PASS" signature="getCustomerPositionDetails()[pri:0, instance:nz.co.anz.apitest.TestRestAPI@28d25987]" name="getCustomerPositionDetails" duration-ms="2109" started-at="2017-08-17T23:33:33Z" finished-at="2017-08-17T23:33:35Z">
          <reporter-output>
          </reporter-output>
        </test-method> <!-- getCustomerPositionDetails -->
      </class> <!-- nz.co.anz.apitest.TestRestAPI -->
    </test> <!-- Default test -->
  </suite> <!-- Default suite -->
</testng-results>
